<?xml version="1.0" encoding="UTF-8"?>
<testsuite name="com.talesb.randomcustomerkafka.RandomCustomerKafkaApplicationTests" tests="1" skipped="0" failures="0" errors="0" timestamp="2023-01-14T03:47:49" hostname="DESKTOP-0VI3VCJ" time="0.477">
  <properties/>
  <testcase name="contextLoads()" classname="com.talesb.randomcustomerkafka.RandomCustomerKafkaApplicationTests" time="0.477"/>
  <system-out><![CDATA[00:47:45.764 [Test worker] DEBUG org.springframework.test.context.BootstrapUtils - Instantiating CacheAwareContextLoaderDelegate from class [org.springframework.test.context.cache.DefaultCacheAwareContextLoaderDelegate]
00:47:45.777 [Test worker] DEBUG org.springframework.test.context.BootstrapUtils - Instantiating BootstrapContext using constructor [public org.springframework.test.context.support.DefaultBootstrapContext(java.lang.Class,org.springframework.test.context.CacheAwareContextLoaderDelegate)]
00:47:45.809 [Test worker] DEBUG org.springframework.test.context.BootstrapUtils - Instantiating TestContextBootstrapper for test class [com.talesb.randomcustomerkafka.RandomCustomerKafkaApplicationTests] from class [org.springframework.boot.test.context.SpringBootTestContextBootstrapper]
00:47:45.819 [Test worker] INFO org.springframework.boot.test.context.SpringBootTestContextBootstrapper - Neither @ContextConfiguration nor @ContextHierarchy found for test class [com.talesb.randomcustomerkafka.RandomCustomerKafkaApplicationTests], using SpringBootContextLoader
00:47:45.823 [Test worker] DEBUG org.springframework.test.context.support.AbstractContextLoader - Did not detect default resource location for test class [com.talesb.randomcustomerkafka.RandomCustomerKafkaApplicationTests]: class path resource [com/talesb/randomcustomerkafka/RandomCustomerKafkaApplicationTests-context.xml] does not exist
00:47:45.824 [Test worker] DEBUG org.springframework.test.context.support.AbstractContextLoader - Did not detect default resource location for test class [com.talesb.randomcustomerkafka.RandomCustomerKafkaApplicationTests]: class path resource [com/talesb/randomcustomerkafka/RandomCustomerKafkaApplicationTestsContext.groovy] does not exist
00:47:45.824 [Test worker] INFO org.springframework.test.context.support.AbstractContextLoader - Could not detect default resource locations for test class [com.talesb.randomcustomerkafka.RandomCustomerKafkaApplicationTests]: no resource found for suffixes {-context.xml, Context.groovy}.
00:47:45.825 [Test worker] INFO org.springframework.test.context.support.AnnotationConfigContextLoaderUtils - Could not detect default configuration classes for test class [com.talesb.randomcustomerkafka.RandomCustomerKafkaApplicationTests]: RandomCustomerKafkaApplicationTests does not declare any static, non-private, non-final, nested classes annotated with @Configuration.
00:47:45.871 [Test worker] DEBUG org.springframework.test.context.support.ActiveProfilesUtils - Could not find an 'annotation declaring class' for annotation type [org.springframework.test.context.ActiveProfiles] and class [com.talesb.randomcustomerkafka.RandomCustomerKafkaApplicationTests]
00:47:45.932 [Test worker] DEBUG org.springframework.context.annotation.ClassPathScanningCandidateComponentProvider - Identified candidate component class: file [C:\workspace-estudo\backend\random-customer-kafka\build\classes\java\main\com\talesb\randomcustomerkafka\RandomCustomerKafkaApplication.class]
00:47:45.933 [Test worker] INFO org.springframework.boot.test.context.SpringBootTestContextBootstrapper - Found @SpringBootConfiguration com.talesb.randomcustomerkafka.RandomCustomerKafkaApplication for test class com.talesb.randomcustomerkafka.RandomCustomerKafkaApplicationTests
00:47:46.040 [Test worker] DEBUG org.springframework.boot.test.context.SpringBootTestContextBootstrapper - @TestExecutionListeners is not present for class [com.talesb.randomcustomerkafka.RandomCustomerKafkaApplicationTests]: using defaults.
00:47:46.040 [Test worker] INFO org.springframework.boot.test.context.SpringBootTestContextBootstrapper - Loaded default TestExecutionListener class names from location [META-INF/spring.factories]: [org.springframework.boot.test.autoconfigure.restdocs.RestDocsTestExecutionListener, org.springframework.boot.test.autoconfigure.web.client.MockRestServiceServerResetTestExecutionListener, org.springframework.boot.test.autoconfigure.web.servlet.MockMvcPrintOnlyOnFailureTestExecutionListener, org.springframework.boot.test.autoconfigure.web.servlet.WebDriverTestExecutionListener, org.springframework.boot.test.autoconfigure.webservices.client.MockWebServiceServerTestExecutionListener, org.springframework.boot.test.mock.mockito.MockitoTestExecutionListener, org.springframework.boot.test.mock.mockito.ResetMocksTestExecutionListener, org.springframework.test.context.web.ServletTestExecutionListener, org.springframework.test.context.support.DirtiesContextBeforeModesTestExecutionListener, org.springframework.test.context.event.ApplicationEventsTestExecutionListener, org.springframework.test.context.support.DependencyInjectionTestExecutionListener, org.springframework.test.context.support.DirtiesContextTestExecutionListener, org.springframework.test.context.transaction.TransactionalTestExecutionListener, org.springframework.test.context.jdbc.SqlScriptsTestExecutionListener, org.springframework.test.context.event.EventPublishingTestExecutionListener]
00:47:46.056 [Test worker] INFO org.springframework.boot.test.context.SpringBootTestContextBootstrapper - Using TestExecutionListeners: [org.springframework.test.context.web.ServletTestExecutionListener@5167268, org.springframework.test.context.support.DirtiesContextBeforeModesTestExecutionListener@1cfd1875, org.springframework.test.context.event.ApplicationEventsTestExecutionListener@28c0b664, org.springframework.boot.test.mock.mockito.MockitoTestExecutionListener@2c444798, org.springframework.boot.test.autoconfigure.SpringBootDependencyInjectionTestExecutionListener@1af7f54a, org.springframework.test.context.support.DirtiesContextTestExecutionListener@6ebd78d1, org.springframework.test.context.transaction.TransactionalTestExecutionListener@436390f4, org.springframework.test.context.jdbc.SqlScriptsTestExecutionListener@4d157787, org.springframework.test.context.event.EventPublishingTestExecutionListener@68ed96ca, org.springframework.boot.test.autoconfigure.restdocs.RestDocsTestExecutionListener@6d1310f6, org.springframework.boot.test.autoconfigure.web.client.MockRestServiceServerResetTestExecutionListener@3228d990, org.springframework.boot.test.autoconfigure.web.servlet.MockMvcPrintOnlyOnFailureTestExecutionListener@54e7391d, org.springframework.boot.test.autoconfigure.web.servlet.WebDriverTestExecutionListener@50b8ae8d, org.springframework.boot.test.autoconfigure.webservices.client.MockWebServiceServerTestExecutionListener@255990cc, org.springframework.boot.test.mock.mockito.ResetMocksTestExecutionListener@51c929ae]
00:47:46.059 [Test worker] DEBUG org.springframework.test.context.support.AbstractDirtiesContextTestExecutionListener - Before test class: context [DefaultTestContext@33a2499c testClass = RandomCustomerKafkaApplicationTests, testInstance = [null], testMethod = [null], testException = [null], mergedContextConfiguration = [WebMergedContextConfiguration@e72dba7 testClass = RandomCustomerKafkaApplicationTests, locations = '{}', classes = '{class com.talesb.randomcustomerkafka.RandomCustomerKafkaApplication}', contextInitializerClasses = '[]', activeProfiles = '{}', propertySourceLocations = '{}', propertySourceProperties = '{org.springframework.boot.test.context.SpringBootTestContextBootstrapper=true}', contextCustomizers = set[org.springframework.boot.test.autoconfigure.actuate.metrics.MetricsExportContextCustomizerFactory$DisableMetricExportContextCustomizer@73163d48, org.springframework.boot.test.autoconfigure.properties.PropertyMappingContextCustomizer@0, org.springframework.boot.test.autoconfigure.web.servlet.WebDriverContextCustomizerFactory$Customizer@2a3c96e3, org.springframework.boot.test.context.filter.ExcludeFilterContextCustomizer@a776e, org.springframework.boot.test.json.DuplicateJsonObjectContextCustomizerFactory$DuplicateJsonObjectContextCustomizer@6821ea29, org.springframework.boot.test.mock.mockito.MockitoContextCustomizer@0, org.springframework.boot.test.web.client.TestRestTemplateContextCustomizer@40c80397, org.springframework.boot.test.context.SpringBootTestArgs@1, org.springframework.boot.test.context.SpringBootTestWebEnvironment@57a3e26a], resourceBasePath = 'src/main/webapp', contextLoader = 'org.springframework.boot.test.context.SpringBootContextLoader', parent = [null]], attributes = map['org.springframework.test.context.web.ServletTestExecutionListener.activateListener' -> true]], class annotated with @DirtiesContext [false] with mode [null].

  .   ____          _            __ _ _
 /\\ / ___'_ __ _ _(_)_ __  __ _ \ \ \ \
( ( )\___ | '_ | '_| | '_ \/ _` | \ \ \ \
 \\/  ___)| |_)| | | | | || (_| |  ) ) ) )
  '  |____| .__|_| |_|_| |_\__, | / / / /
 =========|_|==============|___/=/_/_/_/
 :: Spring Boot ::                (v2.7.7)

2023-01-14 00:47:46.423  INFO 6096 --- [    Test worker] .t.r.RandomCustomerKafkaApplicationTests : Starting RandomCustomerKafkaApplicationTests using Java 11.0.9 on DESKTOP-0VI3VCJ with PID 6096 (started by tales in C:\workspace-estudo\backend\random-customer-kafka)
2023-01-14 00:47:46.426  INFO 6096 --- [    Test worker] .t.r.RandomCustomerKafkaApplicationTests : No active profile set, falling back to 1 default profile: "default"
2023-01-14 00:47:47.247  INFO 6096 --- [    Test worker] faultConfiguringBeanFactoryPostProcessor : No bean named 'errorChannel' has been explicitly defined. Therefore, a default PublishSubscribeChannel will be created.
2023-01-14 00:47:47.263  INFO 6096 --- [    Test worker] faultConfiguringBeanFactoryPostProcessor : No bean named 'integrationHeaderChannelRegistry' has been explicitly defined. Therefore, a default DefaultHeaderChannelRegistry will be created.
2023-01-14 00:47:49.013  INFO 6096 --- [    Test worker] c.f.c.c.BeanFactoryAwareFunctionRegistry : Can't determine default function definition. Please use 'spring.cloud.function.definition' property to explicitly define it.
2023-01-14 00:47:49.245  INFO 6096 --- [    Test worker] o.s.i.endpoint.EventDrivenConsumer       : Adding {logging-channel-adapter:_org.springframework.integration.errorLogger} as a subscriber to the 'errorChannel' channel
2023-01-14 00:47:49.245  INFO 6096 --- [    Test worker] o.s.i.channel.PublishSubscribeChannel    : Channel 'application.errorChannel' has 1 subscriber(s).
2023-01-14 00:47:49.246  INFO 6096 --- [    Test worker] o.s.i.endpoint.EventDrivenConsumer       : started bean '_org.springframework.integration.errorLogger'
2023-01-14 00:47:49.259  INFO 6096 --- [    Test worker] .t.r.RandomCustomerKafkaApplicationTests : Started RandomCustomerKafkaApplicationTests in 3.161 seconds (JVM running for 4.611)
]]></system-out>
  <system-err><![CDATA[]]></system-err>
</testsuite>
